[2021-03-12 00:23:43,081] multiqc                                            [DEBUG  ]  No MultiQC config found: /lustre/project/software/7/apps/python_2/2.7.13/lib/python2.7/site-packages/multiqc_config.yaml
[2021-03-12 00:23:43,082] multiqc                                            [DEBUG  ]  No MultiQC config found: /home/sathesh.sivasankaran/.multiqc_config.yaml
[2021-03-12 00:23:43,082] multiqc                                            [DEBUG  ]  No MultiQC config found: multiqc_config.yaml
[2021-03-12 00:23:43,082] multiqc                                            [DEBUG  ]  Command used: /software/7/apps/python_2/2.7.13/bin/multiqc .
[2021-03-12 00:23:44,025] multiqc                                            [WARNING]  MultiQC Version v1.10 now available!
[2021-03-12 00:23:44,026] multiqc                                            [INFO   ]  This is MultiQC v1.5
[2021-03-12 00:23:44,026] multiqc                                            [DEBUG  ]  Command     : /software/7/apps/python_2/2.7.13/bin/multiqc .
[2021-03-12 00:23:44,026] multiqc                                            [DEBUG  ]  Working dir : /lustre/project/fsepru/PBMC5/FQC/CT230OCT
[2021-03-12 00:23:44,026] multiqc                                            [INFO   ]  Template    : default
[2021-03-12 00:23:44,026] multiqc                                            [INFO   ]  Searching '.'
[2021-03-12 00:23:44,027] multiqc                                            [DEBUG  ]  Analysing modules: custom_content, conpair, peddy, methylQA, qualimap, preseq, quast, qorts, rna_seqc, rsem, rseqc, busco, goleft_indexcov, disambiguate, supernova, deeptools, sargasso, verifybamid, homer, macs2, theta2, snpeff, gatk, htseq, bcftools, featureCounts, dedup, picard, prokka, samblaster, samtools, bamtools, jellyfish, vcftools, bbmap, bismark, hicexplorer, hicup, salmon, kallisto, slamdunk, star, hisat2, tophat, bowtie2, bowtie1, leehom, adapterRemoval, clipandmerge, cutadapt, flexbar, trimmomatic, skewer, sortmerna, biobloomtools, fastq_screen, afterqc, fastqc, clusterflow, bcl2fastq, interop
[2021-03-12 00:23:44,027] multiqc                                            [DEBUG  ]  Using temporary directory for creating report: /local/bgfs/tmpteaW73
[2021-03-12 00:23:44,150] multiqc                                            [DEBUG  ]  Ignoring file as matched an ignore pattern: CT2-30OCT-4_S4_L001_R1_001_fastqc.html
[2021-03-12 00:23:44,150] multiqc                                            [DEBUG  ]  Ignoring file as matched an ignore pattern: CT2-30OCT-3_S3_L001_R1_001_fastqc.html
[2021-03-12 00:23:44,150] multiqc                                            [DEBUG  ]  Ignoring file as matched an ignore pattern: CT2-30OCT-2_S2_L001_R2_001_fastqc.html
[2021-03-12 00:23:44,151] multiqc                                            [DEBUG  ]  Ignoring file as matched an ignore pattern: CT2-30OCT-1_S1_L001_R2_001_fastqc.html
[2021-03-12 00:23:44,151] multiqc                                            [DEBUG  ]  Ignoring file as matched an ignore pattern: CT2-30OCT-4_S4_L001_R2_001_fastqc.html
[2021-03-12 00:23:44,151] multiqc                                            [DEBUG  ]  Ignoring file as matched an ignore pattern: CT2-30OCT-1_S1_L001_R1_001_fastqc.html
[2021-03-12 00:23:44,153] multiqc                                            [DEBUG  ]  Ignoring file as matched an ignore pattern: CT2-30OCT-2_S2_L001_R1_001_fastqc.html
[2021-03-12 00:23:44,153] multiqc                                            [DEBUG  ]  Ignoring file as matched an ignore pattern: CT2-30OCT-3_S3_L001_R2_001_fastqc.html
[2021-03-12 00:23:44,498] multiqc                                            [DEBUG  ]  No samples found: custom_content
[2021-03-12 00:23:44,505] multiqc                                            [DEBUG  ]  No samples found: conpair
[2021-03-12 00:23:44,512] multiqc                                            [DEBUG  ]  No samples found: peddy
[2021-03-12 00:23:44,519] multiqc                                            [DEBUG  ]  No samples found: methylQA
[2021-03-12 00:23:44,527] multiqc                                            [DEBUG  ]  No samples found: qualimap
[2021-03-12 00:23:44,534] multiqc                                            [DEBUG  ]  No samples found: preseq
[2021-03-12 00:23:44,540] multiqc                                            [DEBUG  ]  No samples found: quast
[2021-03-12 00:23:44,547] multiqc                                            [DEBUG  ]  No samples found: qorts
[2021-03-12 00:23:44,554] multiqc                                            [DEBUG  ]  No samples found: rna_seqc
[2021-03-12 00:23:44,560] multiqc                                            [DEBUG  ]  No samples found: rsem
[2021-03-12 00:23:44,574] multiqc                                            [DEBUG  ]  No samples found: rseqc
[2021-03-12 00:23:44,581] multiqc                                            [DEBUG  ]  No samples found: busco
[2021-03-12 00:23:44,587] multiqc                                            [DEBUG  ]  No samples found: goleft_indexcov
[2021-03-12 00:23:44,594] multiqc                                            [DEBUG  ]  No samples found: disambiguate
[2021-03-12 00:23:44,601] multiqc                                            [DEBUG  ]  No samples found: supernova
[2021-03-12 00:23:44,611] multiqc                                            [DEBUG  ]  No samples found: deeptools
[2021-03-12 00:23:44,618] multiqc                                            [DEBUG  ]  No samples found: sargasso
[2021-03-12 00:23:44,624] multiqc                                            [DEBUG  ]  No samples found: verifybamid
[2021-03-12 00:23:44,634] multiqc                                            [DEBUG  ]  No samples found: homer
[2021-03-12 00:23:44,640] multiqc                                            [DEBUG  ]  No samples found: macs2
[2021-03-12 00:23:44,647] multiqc                                            [DEBUG  ]  No samples found: theta2
[2021-03-12 00:23:44,653] multiqc                                            [DEBUG  ]  No samples found: snpeff
[2021-03-12 00:23:44,664] multiqc                                            [DEBUG  ]  No samples found: gatk
[2021-03-12 00:23:44,670] multiqc                                            [DEBUG  ]  No samples found: htseq
[2021-03-12 00:23:44,677] multiqc                                            [DEBUG  ]  No samples found: bcftools
[2021-03-12 00:23:44,684] multiqc                                            [DEBUG  ]  No samples found: featureCounts
[2021-03-12 00:23:44,690] multiqc                                            [DEBUG  ]  No samples found: dedup
[2021-03-12 00:23:44,705] multiqc                                            [DEBUG  ]  No samples found: picard
[2021-03-12 00:23:44,711] multiqc                                            [DEBUG  ]  No samples found: prokka
[2021-03-12 00:23:44,718] multiqc                                            [DEBUG  ]  No samples found: samblaster
[2021-03-12 00:23:44,732] multiqc                                            [DEBUG  ]  No samples found: samtools
[2021-03-12 00:23:44,746] multiqc                                            [DEBUG  ]  No samples found: bamtools
[2021-03-12 00:23:44,753] multiqc                                            [DEBUG  ]  No samples found: jellyfish
[2021-03-12 00:23:44,763] multiqc                                            [DEBUG  ]  No samples found: vcftools
[2021-03-12 00:23:44,785] multiqc                                            [DEBUG  ]  No samples found: bbmap
[2021-03-12 00:23:44,793] multiqc                                            [DEBUG  ]  No samples found: bismark
[2021-03-12 00:23:44,800] multiqc                                            [DEBUG  ]  No samples found: hicexplorer
[2021-03-12 00:23:44,807] multiqc                                            [DEBUG  ]  No samples found: hicup
[2021-03-12 00:23:44,814] multiqc                                            [DEBUG  ]  No samples found: salmon
[2021-03-12 00:23:44,821] multiqc                                            [DEBUG  ]  No samples found: kallisto
[2021-03-12 00:23:44,828] multiqc                                            [DEBUG  ]  No samples found: slamdunk
[2021-03-12 00:23:44,835] multiqc                                            [DEBUG  ]  No samples found: star
[2021-03-12 00:23:44,842] multiqc                                            [DEBUG  ]  No samples found: hisat2
[2021-03-12 00:23:44,849] multiqc                                            [DEBUG  ]  No samples found: tophat
[2021-03-12 00:23:44,855] multiqc                                            [DEBUG  ]  No samples found: bowtie2
[2021-03-12 00:23:44,862] multiqc                                            [DEBUG  ]  No samples found: bowtie1
[2021-03-12 00:23:44,869] multiqc                                            [DEBUG  ]  No samples found: leehom
[2021-03-12 00:23:44,875] multiqc                                            [DEBUG  ]  No samples found: adapterRemoval
[2021-03-12 00:23:44,882] multiqc                                            [DEBUG  ]  No samples found: clipandmerge
[2021-03-12 00:23:44,889] multiqc                                            [DEBUG  ]  No samples found: cutadapt
[2021-03-12 00:23:44,896] multiqc                                            [DEBUG  ]  No samples found: flexbar
[2021-03-12 00:23:44,904] multiqc                                            [DEBUG  ]  No samples found: trimmomatic
[2021-03-12 00:23:44,911] multiqc                                            [DEBUG  ]  No samples found: skewer
[2021-03-12 00:23:44,917] multiqc                                            [DEBUG  ]  No samples found: sortmerna
[2021-03-12 00:23:44,924] multiqc                                            [DEBUG  ]  No samples found: biobloomtools
[2021-03-12 00:23:44,931] multiqc                                            [DEBUG  ]  No samples found: fastq_screen
[2021-03-12 00:23:44,938] multiqc                                            [DEBUG  ]  No samples found: afterqc
[2021-03-12 00:23:46,418] multiqc.modules.fastqc.fastqc                      [INFO   ]  Found 8 reports
[2021-03-12 00:23:46,837] multiqc                                            [DEBUG  ]  No samples found: clusterflow
[2021-03-12 00:23:46,844] multiqc                                            [DEBUG  ]  No samples found: bcl2fastq
[2021-03-12 00:23:46,851] multiqc                                            [DEBUG  ]  No samples found: interop
[2021-03-12 00:23:46,868] multiqc                                            [INFO   ]  Compressing plot data
[2021-03-12 00:23:47,541] multiqc                                            [INFO   ]  Report      : multiqc_report.html
[2021-03-12 00:23:47,541] multiqc                                            [INFO   ]  Data        : multiqc_data
[2021-03-12 00:23:47,542] multiqc                                            [DEBUG  ]  Moving data file from '/local/bgfs/tmpteaW73/multiqc_data/multiqc_fastqc.txt' to '/lustre/project/fsepru/PBMC5/FQC/CT230OCT/multiqc_data'
[2021-03-12 00:23:47,546] multiqc                                            [DEBUG  ]  Moving data file from '/local/bgfs/tmpteaW73/multiqc_data/multiqc_general_stats.txt' to '/lustre/project/fsepru/PBMC5/FQC/CT230OCT/multiqc_data'
[2021-03-12 00:23:47,610] multiqc                                            [DEBUG  ]  Moving data file from '/local/bgfs/tmpteaW73/multiqc_data/multiqc_sources.txt' to '/lustre/project/fsepru/PBMC5/FQC/CT230OCT/multiqc_data'
[2021-03-12 00:23:47,697] multiqc                                            [DEBUG  ]  Moving data file from '/local/bgfs/tmpteaW73/multiqc_data/multiqc_data.json' to '/lustre/project/fsepru/PBMC5/FQC/CT230OCT/multiqc_data'
[2021-03-12 00:23:48,073] multiqc                                            [INFO   ]  MultiQC complete
