[2021-03-12 00:23:15,659] multiqc                                            [DEBUG  ]  No MultiQC config found: /lustre/project/software/7/apps/python_2/2.7.13/lib/python2.7/site-packages/multiqc_config.yaml
[2021-03-12 00:23:15,659] multiqc                                            [DEBUG  ]  No MultiQC config found: /home/sathesh.sivasankaran/.multiqc_config.yaml
[2021-03-12 00:23:15,659] multiqc                                            [DEBUG  ]  No MultiQC config found: multiqc_config.yaml
[2021-03-12 00:23:15,660] multiqc                                            [DEBUG  ]  Command used: /software/7/apps/python_2/2.7.13/bin/multiqc .
[2021-03-12 00:23:16,607] multiqc                                            [WARNING]  MultiQC Version v1.10 now available!
[2021-03-12 00:23:16,607] multiqc                                            [INFO   ]  This is MultiQC v1.5
[2021-03-12 00:23:16,607] multiqc                                            [DEBUG  ]  Command     : /software/7/apps/python_2/2.7.13/bin/multiqc .
[2021-03-12 00:23:16,607] multiqc                                            [DEBUG  ]  Working dir : /lustre/project/fsepru/PBMC5/FQC/B
[2021-03-12 00:23:16,608] multiqc                                            [INFO   ]  Template    : default
[2021-03-12 00:23:16,608] multiqc                                            [INFO   ]  Searching '.'
[2021-03-12 00:23:16,608] multiqc                                            [DEBUG  ]  Analysing modules: custom_content, conpair, peddy, methylQA, qualimap, preseq, quast, qorts, rna_seqc, rsem, rseqc, busco, goleft_indexcov, disambiguate, supernova, deeptools, sargasso, verifybamid, homer, macs2, theta2, snpeff, gatk, htseq, bcftools, featureCounts, dedup, picard, prokka, samblaster, samtools, bamtools, jellyfish, vcftools, bbmap, bismark, hicexplorer, hicup, salmon, kallisto, slamdunk, star, hisat2, tophat, bowtie2, bowtie1, leehom, adapterRemoval, clipandmerge, cutadapt, flexbar, trimmomatic, skewer, sortmerna, biobloomtools, fastq_screen, afterqc, fastqc, clusterflow, bcl2fastq, interop
[2021-03-12 00:23:16,608] multiqc                                            [DEBUG  ]  Using temporary directory for creating report: /local/bgfs/tmp0w_JYh
[2021-03-12 00:23:16,700] multiqc                                            [DEBUG  ]  Ignoring file as matched an ignore pattern: B-4_S16_L002_R1_001_fastqc.html
[2021-03-12 00:23:16,711] multiqc                                            [DEBUG  ]  Ignoring file as matched an ignore pattern: B-2_S14_L002_R1_001_fastqc.html
[2021-03-12 00:23:16,712] multiqc                                            [DEBUG  ]  Ignoring file as matched an ignore pattern: B-3_S15_L002_R2_001_fastqc.html
[2021-03-12 00:23:16,713] multiqc                                            [DEBUG  ]  Ignoring file as matched an ignore pattern: B-2_S14_L002_R2_001_fastqc.html
[2021-03-12 00:23:16,715] multiqc                                            [DEBUG  ]  Ignoring file as matched an ignore pattern: B-1_S13_L002_R1_001_fastqc.html
[2021-03-12 00:23:16,717] multiqc                                            [DEBUG  ]  Ignoring file as matched an ignore pattern: B-3_S15_L002_R1_001_fastqc.html
[2021-03-12 00:23:16,717] multiqc                                            [DEBUG  ]  Ignoring file as matched an ignore pattern: B-1_S13_L002_R2_001_fastqc.html
[2021-03-12 00:23:16,717] multiqc                                            [DEBUG  ]  Ignoring file as matched an ignore pattern: B-4_S16_L002_R2_001_fastqc.html
[2021-03-12 00:23:17,034] multiqc                                            [DEBUG  ]  No samples found: custom_content
[2021-03-12 00:23:17,040] multiqc                                            [DEBUG  ]  No samples found: conpair
[2021-03-12 00:23:17,045] multiqc                                            [DEBUG  ]  No samples found: peddy
[2021-03-12 00:23:17,052] multiqc                                            [DEBUG  ]  No samples found: methylQA
[2021-03-12 00:23:17,060] multiqc                                            [DEBUG  ]  No samples found: qualimap
[2021-03-12 00:23:17,066] multiqc                                            [DEBUG  ]  No samples found: preseq
[2021-03-12 00:23:17,072] multiqc                                            [DEBUG  ]  No samples found: quast
[2021-03-12 00:23:17,077] multiqc                                            [DEBUG  ]  No samples found: qorts
[2021-03-12 00:23:17,083] multiqc                                            [DEBUG  ]  No samples found: rna_seqc
[2021-03-12 00:23:17,088] multiqc                                            [DEBUG  ]  No samples found: rsem
[2021-03-12 00:23:17,101] multiqc                                            [DEBUG  ]  No samples found: rseqc
[2021-03-12 00:23:17,107] multiqc                                            [DEBUG  ]  No samples found: busco
[2021-03-12 00:23:17,113] multiqc                                            [DEBUG  ]  No samples found: goleft_indexcov
[2021-03-12 00:23:17,120] multiqc                                            [DEBUG  ]  No samples found: disambiguate
[2021-03-12 00:23:17,126] multiqc                                            [DEBUG  ]  No samples found: supernova
[2021-03-12 00:23:17,136] multiqc                                            [DEBUG  ]  No samples found: deeptools
[2021-03-12 00:23:17,141] multiqc                                            [DEBUG  ]  No samples found: sargasso
[2021-03-12 00:23:17,147] multiqc                                            [DEBUG  ]  No samples found: verifybamid
[2021-03-12 00:23:17,156] multiqc                                            [DEBUG  ]  No samples found: homer
[2021-03-12 00:23:17,162] multiqc                                            [DEBUG  ]  No samples found: macs2
[2021-03-12 00:23:17,168] multiqc                                            [DEBUG  ]  No samples found: theta2
[2021-03-12 00:23:17,174] multiqc                                            [DEBUG  ]  No samples found: snpeff
[2021-03-12 00:23:17,184] multiqc                                            [DEBUG  ]  No samples found: gatk
[2021-03-12 00:23:17,190] multiqc                                            [DEBUG  ]  No samples found: htseq
[2021-03-12 00:23:17,196] multiqc                                            [DEBUG  ]  No samples found: bcftools
[2021-03-12 00:23:17,202] multiqc                                            [DEBUG  ]  No samples found: featureCounts
[2021-03-12 00:23:17,207] multiqc                                            [DEBUG  ]  No samples found: dedup
[2021-03-12 00:23:17,221] multiqc                                            [DEBUG  ]  No samples found: picard
[2021-03-12 00:23:17,227] multiqc                                            [DEBUG  ]  No samples found: prokka
[2021-03-12 00:23:17,233] multiqc                                            [DEBUG  ]  No samples found: samblaster
[2021-03-12 00:23:17,243] multiqc                                            [DEBUG  ]  No samples found: samtools
[2021-03-12 00:23:17,249] multiqc                                            [DEBUG  ]  No samples found: bamtools
[2021-03-12 00:23:17,255] multiqc                                            [DEBUG  ]  No samples found: jellyfish
[2021-03-12 00:23:17,263] multiqc                                            [DEBUG  ]  No samples found: vcftools
[2021-03-12 00:23:17,278] multiqc                                            [DEBUG  ]  No samples found: bbmap
[2021-03-12 00:23:17,284] multiqc                                            [DEBUG  ]  No samples found: bismark
[2021-03-12 00:23:17,289] multiqc                                            [DEBUG  ]  No samples found: hicexplorer
[2021-03-12 00:23:17,295] multiqc                                            [DEBUG  ]  No samples found: hicup
[2021-03-12 00:23:17,302] multiqc                                            [DEBUG  ]  No samples found: salmon
[2021-03-12 00:23:17,308] multiqc                                            [DEBUG  ]  No samples found: kallisto
[2021-03-12 00:23:17,314] multiqc                                            [DEBUG  ]  No samples found: slamdunk
[2021-03-12 00:23:17,319] multiqc                                            [DEBUG  ]  No samples found: star
[2021-03-12 00:23:17,325] multiqc                                            [DEBUG  ]  No samples found: hisat2
[2021-03-12 00:23:17,337] multiqc                                            [DEBUG  ]  No samples found: tophat
[2021-03-12 00:23:17,348] multiqc                                            [DEBUG  ]  No samples found: bowtie2
[2021-03-12 00:23:17,354] multiqc                                            [DEBUG  ]  No samples found: bowtie1
[2021-03-12 00:23:17,360] multiqc                                            [DEBUG  ]  No samples found: leehom
[2021-03-12 00:23:17,367] multiqc                                            [DEBUG  ]  No samples found: adapterRemoval
[2021-03-12 00:23:17,373] multiqc                                            [DEBUG  ]  No samples found: clipandmerge
[2021-03-12 00:23:17,380] multiqc                                            [DEBUG  ]  No samples found: cutadapt
[2021-03-12 00:23:17,386] multiqc                                            [DEBUG  ]  No samples found: flexbar
[2021-03-12 00:23:17,392] multiqc                                            [DEBUG  ]  No samples found: trimmomatic
[2021-03-12 00:23:17,398] multiqc                                            [DEBUG  ]  No samples found: skewer
[2021-03-12 00:23:17,406] multiqc                                            [DEBUG  ]  No samples found: sortmerna
[2021-03-12 00:23:17,411] multiqc                                            [DEBUG  ]  No samples found: biobloomtools
[2021-03-12 00:23:17,417] multiqc                                            [DEBUG  ]  No samples found: fastq_screen
[2021-03-12 00:23:17,424] multiqc                                            [DEBUG  ]  No samples found: afterqc
[2021-03-12 00:23:18,762] multiqc.modules.fastqc.fastqc                      [INFO   ]  Found 8 reports
[2021-03-12 00:23:19,204] multiqc                                            [DEBUG  ]  No samples found: clusterflow
[2021-03-12 00:23:19,212] multiqc                                            [DEBUG  ]  No samples found: bcl2fastq
[2021-03-12 00:23:19,221] multiqc                                            [DEBUG  ]  No samples found: interop
[2021-03-12 00:23:19,241] multiqc                                            [INFO   ]  Compressing plot data
[2021-03-12 00:23:19,852] multiqc                                            [INFO   ]  Report      : multiqc_report.html
[2021-03-12 00:23:19,852] multiqc                                            [INFO   ]  Data        : multiqc_data
[2021-03-12 00:23:19,853] multiqc                                            [DEBUG  ]  Moving data file from '/local/bgfs/tmp0w_JYh/multiqc_data/multiqc_fastqc.txt' to '/lustre/project/fsepru/PBMC5/FQC/B/multiqc_data'
[2021-03-12 00:23:19,870] multiqc                                            [DEBUG  ]  Moving data file from '/local/bgfs/tmp0w_JYh/multiqc_data/multiqc_general_stats.txt' to '/lustre/project/fsepru/PBMC5/FQC/B/multiqc_data'
[2021-03-12 00:23:19,875] multiqc                                            [DEBUG  ]  Moving data file from '/local/bgfs/tmp0w_JYh/multiqc_data/multiqc_sources.txt' to '/lustre/project/fsepru/PBMC5/FQC/B/multiqc_data'
[2021-03-12 00:23:19,891] multiqc                                            [DEBUG  ]  Moving data file from '/local/bgfs/tmp0w_JYh/multiqc_data/multiqc_data.json' to '/lustre/project/fsepru/PBMC5/FQC/B/multiqc_data'
[2021-03-12 00:23:20,138] multiqc                                            [INFO   ]  MultiQC complete
