[2021-03-12 00:23:55,964] multiqc                                            [DEBUG  ]  No MultiQC config found: /lustre/project/software/7/apps/python_2/2.7.13/lib/python2.7/site-packages/multiqc_config.yaml
[2021-03-12 00:23:55,964] multiqc                                            [DEBUG  ]  No MultiQC config found: /home/sathesh.sivasankaran/.multiqc_config.yaml
[2021-03-12 00:23:55,965] multiqc                                            [DEBUG  ]  No MultiQC config found: multiqc_config.yaml
[2021-03-12 00:23:55,965] multiqc                                            [DEBUG  ]  Command used: /software/7/apps/python_2/2.7.13/bin/multiqc .
[2021-03-12 00:23:57,293] multiqc                                            [WARNING]  MultiQC Version v1.10 now available!
[2021-03-12 00:23:57,294] multiqc                                            [INFO   ]  This is MultiQC v1.5
[2021-03-12 00:23:57,294] multiqc                                            [DEBUG  ]  Command     : /software/7/apps/python_2/2.7.13/bin/multiqc .
[2021-03-12 00:23:57,294] multiqc                                            [DEBUG  ]  Working dir : /lustre/project/fsepru/PBMC5/FQC/CT21NOV
[2021-03-12 00:23:57,294] multiqc                                            [INFO   ]  Template    : default
[2021-03-12 00:23:57,294] multiqc                                            [INFO   ]  Searching '.'
[2021-03-12 00:23:57,295] multiqc                                            [DEBUG  ]  Analysing modules: custom_content, conpair, peddy, methylQA, qualimap, preseq, quast, qorts, rna_seqc, rsem, rseqc, busco, goleft_indexcov, disambiguate, supernova, deeptools, sargasso, verifybamid, homer, macs2, theta2, snpeff, gatk, htseq, bcftools, featureCounts, dedup, picard, prokka, samblaster, samtools, bamtools, jellyfish, vcftools, bbmap, bismark, hicexplorer, hicup, salmon, kallisto, slamdunk, star, hisat2, tophat, bowtie2, bowtie1, leehom, adapterRemoval, clipandmerge, cutadapt, flexbar, trimmomatic, skewer, sortmerna, biobloomtools, fastq_screen, afterqc, fastqc, clusterflow, bcl2fastq, interop
[2021-03-12 00:23:57,295] multiqc                                            [DEBUG  ]  Using temporary directory for creating report: /local/bgfs/tmpY3yZWr
[2021-03-12 00:23:57,403] multiqc                                            [DEBUG  ]  Ignoring file as matched an ignore pattern: CT2-1NOV-1_S5_L001_R2_001_fastqc.html
[2021-03-12 00:23:57,417] multiqc                                            [DEBUG  ]  Ignoring file as matched an ignore pattern: CT2-1NOV-1_S5_L001_R1_001_fastqc.html
[2021-03-12 00:23:57,420] multiqc                                            [DEBUG  ]  Ignoring file as matched an ignore pattern: CT2-1NOV-2_S6_L001_R1_001_fastqc.html
[2021-03-12 00:23:57,421] multiqc                                            [DEBUG  ]  Ignoring file as matched an ignore pattern: CT2-1NOV-4_S8_L001_R1_001_fastqc.html
[2021-03-12 00:23:57,421] multiqc                                            [DEBUG  ]  Ignoring file as matched an ignore pattern: CT2-1NOV-2_S6_L001_R2_001_fastqc.html
[2021-03-12 00:23:57,422] multiqc                                            [DEBUG  ]  Ignoring file as matched an ignore pattern: CT2-1NOV-3_S7_L001_R1_001_fastqc.html
[2021-03-12 00:23:57,423] multiqc                                            [DEBUG  ]  Ignoring file as matched an ignore pattern: CT2-1NOV-3_S7_L001_R2_001_fastqc.html
[2021-03-12 00:23:57,424] multiqc                                            [DEBUG  ]  Ignoring file as matched an ignore pattern: CT2-1NOV-4_S8_L001_R2_001_fastqc.html
[2021-03-12 00:23:57,788] multiqc                                            [DEBUG  ]  No samples found: custom_content
[2021-03-12 00:23:57,796] multiqc                                            [DEBUG  ]  No samples found: conpair
[2021-03-12 00:23:57,803] multiqc                                            [DEBUG  ]  No samples found: peddy
[2021-03-12 00:23:57,810] multiqc                                            [DEBUG  ]  No samples found: methylQA
[2021-03-12 00:23:57,818] multiqc                                            [DEBUG  ]  No samples found: qualimap
[2021-03-12 00:23:57,825] multiqc                                            [DEBUG  ]  No samples found: preseq
[2021-03-12 00:23:57,831] multiqc                                            [DEBUG  ]  No samples found: quast
[2021-03-12 00:23:57,838] multiqc                                            [DEBUG  ]  No samples found: qorts
[2021-03-12 00:23:57,845] multiqc                                            [DEBUG  ]  No samples found: rna_seqc
[2021-03-12 00:23:57,852] multiqc                                            [DEBUG  ]  No samples found: rsem
[2021-03-12 00:23:57,865] multiqc                                            [DEBUG  ]  No samples found: rseqc
[2021-03-12 00:23:57,872] multiqc                                            [DEBUG  ]  No samples found: busco
[2021-03-12 00:23:57,879] multiqc                                            [DEBUG  ]  No samples found: goleft_indexcov
[2021-03-12 00:23:57,886] multiqc                                            [DEBUG  ]  No samples found: disambiguate
[2021-03-12 00:23:57,893] multiqc                                            [DEBUG  ]  No samples found: supernova
[2021-03-12 00:23:57,903] multiqc                                            [DEBUG  ]  No samples found: deeptools
[2021-03-12 00:23:57,910] multiqc                                            [DEBUG  ]  No samples found: sargasso
[2021-03-12 00:23:57,916] multiqc                                            [DEBUG  ]  No samples found: verifybamid
[2021-03-12 00:23:57,926] multiqc                                            [DEBUG  ]  No samples found: homer
[2021-03-12 00:23:57,932] multiqc                                            [DEBUG  ]  No samples found: macs2
[2021-03-12 00:23:57,939] multiqc                                            [DEBUG  ]  No samples found: theta2
[2021-03-12 00:23:57,946] multiqc                                            [DEBUG  ]  No samples found: snpeff
[2021-03-12 00:23:57,957] multiqc                                            [DEBUG  ]  No samples found: gatk
[2021-03-12 00:23:57,963] multiqc                                            [DEBUG  ]  No samples found: htseq
[2021-03-12 00:23:57,971] multiqc                                            [DEBUG  ]  No samples found: bcftools
[2021-03-12 00:23:57,977] multiqc                                            [DEBUG  ]  No samples found: featureCounts
[2021-03-12 00:23:57,984] multiqc                                            [DEBUG  ]  No samples found: dedup
[2021-03-12 00:23:58,000] multiqc                                            [DEBUG  ]  No samples found: picard
[2021-03-12 00:23:58,006] multiqc                                            [DEBUG  ]  No samples found: prokka
[2021-03-12 00:23:58,021] multiqc                                            [DEBUG  ]  No samples found: samblaster
[2021-03-12 00:23:58,036] multiqc                                            [DEBUG  ]  No samples found: samtools
[2021-03-12 00:23:58,044] multiqc                                            [DEBUG  ]  No samples found: bamtools
[2021-03-12 00:23:58,051] multiqc                                            [DEBUG  ]  No samples found: jellyfish
[2021-03-12 00:23:58,061] multiqc                                            [DEBUG  ]  No samples found: vcftools
[2021-03-12 00:23:58,082] multiqc                                            [DEBUG  ]  No samples found: bbmap
[2021-03-12 00:23:58,090] multiqc                                            [DEBUG  ]  No samples found: bismark
[2021-03-12 00:23:58,097] multiqc                                            [DEBUG  ]  No samples found: hicexplorer
[2021-03-12 00:23:58,104] multiqc                                            [DEBUG  ]  No samples found: hicup
[2021-03-12 00:23:58,110] multiqc                                            [DEBUG  ]  No samples found: salmon
[2021-03-12 00:23:58,117] multiqc                                            [DEBUG  ]  No samples found: kallisto
[2021-03-12 00:23:58,124] multiqc                                            [DEBUG  ]  No samples found: slamdunk
[2021-03-12 00:23:58,131] multiqc                                            [DEBUG  ]  No samples found: star
[2021-03-12 00:23:58,139] multiqc                                            [DEBUG  ]  No samples found: hisat2
[2021-03-12 00:23:58,145] multiqc                                            [DEBUG  ]  No samples found: tophat
[2021-03-12 00:23:58,152] multiqc                                            [DEBUG  ]  No samples found: bowtie2
[2021-03-12 00:23:58,160] multiqc                                            [DEBUG  ]  No samples found: bowtie1
[2021-03-12 00:23:58,167] multiqc                                            [DEBUG  ]  No samples found: leehom
[2021-03-12 00:23:58,174] multiqc                                            [DEBUG  ]  No samples found: adapterRemoval
[2021-03-12 00:23:58,180] multiqc                                            [DEBUG  ]  No samples found: clipandmerge
[2021-03-12 00:23:58,188] multiqc                                            [DEBUG  ]  No samples found: cutadapt
[2021-03-12 00:23:58,194] multiqc                                            [DEBUG  ]  No samples found: flexbar
[2021-03-12 00:23:58,201] multiqc                                            [DEBUG  ]  No samples found: trimmomatic
[2021-03-12 00:23:58,209] multiqc                                            [DEBUG  ]  No samples found: skewer
[2021-03-12 00:23:58,216] multiqc                                            [DEBUG  ]  No samples found: sortmerna
[2021-03-12 00:23:58,222] multiqc                                            [DEBUG  ]  No samples found: biobloomtools
[2021-03-12 00:23:58,229] multiqc                                            [DEBUG  ]  No samples found: fastq_screen
[2021-03-12 00:23:58,237] multiqc                                            [DEBUG  ]  No samples found: afterqc
[2021-03-12 00:23:59,662] multiqc.modules.fastqc.fastqc                      [INFO   ]  Found 8 reports
[2021-03-12 00:24:00,113] multiqc                                            [DEBUG  ]  No samples found: clusterflow
[2021-03-12 00:24:00,120] multiqc                                            [DEBUG  ]  No samples found: bcl2fastq
[2021-03-12 00:24:00,126] multiqc                                            [DEBUG  ]  No samples found: interop
[2021-03-12 00:24:00,143] multiqc                                            [INFO   ]  Compressing plot data
[2021-03-12 00:24:00,796] multiqc                                            [INFO   ]  Report      : multiqc_report.html
[2021-03-12 00:24:00,796] multiqc                                            [INFO   ]  Data        : multiqc_data
[2021-03-12 00:24:00,797] multiqc                                            [DEBUG  ]  Moving data file from '/local/bgfs/tmpY3yZWr/multiqc_data/multiqc_fastqc.txt' to '/lustre/project/fsepru/PBMC5/FQC/CT21NOV/multiqc_data'
[2021-03-12 00:24:00,823] multiqc                                            [DEBUG  ]  Moving data file from '/local/bgfs/tmpY3yZWr/multiqc_data/multiqc_general_stats.txt' to '/lustre/project/fsepru/PBMC5/FQC/CT21NOV/multiqc_data'
[2021-03-12 00:24:00,848] multiqc                                            [DEBUG  ]  Moving data file from '/local/bgfs/tmpY3yZWr/multiqc_data/multiqc_sources.txt' to '/lustre/project/fsepru/PBMC5/FQC/CT21NOV/multiqc_data'
[2021-03-12 00:24:00,874] multiqc                                            [DEBUG  ]  Moving data file from '/local/bgfs/tmpY3yZWr/multiqc_data/multiqc_data.json' to '/lustre/project/fsepru/PBMC5/FQC/CT21NOV/multiqc_data'
[2021-03-12 00:24:01,085] multiqc                                            [INFO   ]  MultiQC complete
