[2021-03-12 00:22:02,729] multiqc                                            [DEBUG  ]  No MultiQC config found: /lustre/project/software/7/apps/python_2/2.7.13/lib/python2.7/site-packages/multiqc_config.yaml
[2021-03-12 00:22:02,730] multiqc                                            [DEBUG  ]  No MultiQC config found: /home/sathesh.sivasankaran/.multiqc_config.yaml
[2021-03-12 00:22:02,731] multiqc                                            [DEBUG  ]  No MultiQC config found: multiqc_config.yaml
[2021-03-12 00:22:02,731] multiqc                                            [DEBUG  ]  Command used: /software/7/apps/python_2/2.7.13/bin/multiqc .
[2021-03-12 00:22:05,499] multiqc                                            [WARNING]  MultiQC Version v1.10 now available!
[2021-03-12 00:22:05,500] multiqc                                            [INFO   ]  This is MultiQC v1.5
[2021-03-12 00:22:05,500] multiqc                                            [DEBUG  ]  Command     : /software/7/apps/python_2/2.7.13/bin/multiqc .
[2021-03-12 00:22:05,500] multiqc                                            [DEBUG  ]  Working dir : /lustre/project/fsepru/PBMC5/FQC/A
[2021-03-12 00:22:05,500] multiqc                                            [INFO   ]  Template    : default
[2021-03-12 00:22:05,500] multiqc                                            [INFO   ]  Searching '.'
[2021-03-12 00:22:05,501] multiqc                                            [DEBUG  ]  Analysing modules: custom_content, conpair, peddy, methylQA, qualimap, preseq, quast, qorts, rna_seqc, rsem, rseqc, busco, goleft_indexcov, disambiguate, supernova, deeptools, sargasso, verifybamid, homer, macs2, theta2, snpeff, gatk, htseq, bcftools, featureCounts, dedup, picard, prokka, samblaster, samtools, bamtools, jellyfish, vcftools, bbmap, bismark, hicexplorer, hicup, salmon, kallisto, slamdunk, star, hisat2, tophat, bowtie2, bowtie1, leehom, adapterRemoval, clipandmerge, cutadapt, flexbar, trimmomatic, skewer, sortmerna, biobloomtools, fastq_screen, afterqc, fastqc, clusterflow, bcl2fastq, interop
[2021-03-12 00:22:05,504] multiqc                                            [DEBUG  ]  Using temporary directory for creating report: /local/bgfs/tmpQngLTh
[2021-03-12 00:22:07,772] multiqc                                            [DEBUG  ]  Ignoring file as matched an ignore pattern: A-4_S12_L002_R2_001_fastqc.html
[2021-03-12 00:22:07,797] multiqc                                            [DEBUG  ]  Ignoring file as matched an ignore pattern: A-3_S11_L002_R1_001_fastqc.html
[2021-03-12 00:22:07,799] multiqc                                            [DEBUG  ]  Ignoring file as matched an ignore pattern: A-2_S10_L002_R1_001_fastqc.html
[2021-03-12 00:22:07,802] multiqc                                            [DEBUG  ]  Ignoring file as matched an ignore pattern: A-3_S11_L002_R2_001_fastqc.html
[2021-03-12 00:22:07,803] multiqc                                            [DEBUG  ]  Ignoring file as matched an ignore pattern: A-2_S10_L002_R2_001_fastqc.html
[2021-03-12 00:22:07,805] multiqc                                            [DEBUG  ]  Ignoring file as matched an ignore pattern: A-1_S9_L002_R1_001_fastqc.html
[2021-03-12 00:22:07,805] multiqc                                            [DEBUG  ]  Ignoring file as matched an ignore pattern: A-1_S9_L002_R2_001_fastqc.html
[2021-03-12 00:22:07,808] multiqc                                            [DEBUG  ]  Ignoring file as matched an ignore pattern: A-4_S12_L002_R1_001_fastqc.html
[2021-03-12 00:22:20,172] multiqc                                            [DEBUG  ]  No samples found: custom_content
[2021-03-12 00:22:20,279] multiqc                                            [DEBUG  ]  No samples found: conpair
[2021-03-12 00:22:20,440] multiqc                                            [DEBUG  ]  No samples found: peddy
[2021-03-12 00:22:20,506] multiqc                                            [DEBUG  ]  No samples found: methylQA
[2021-03-12 00:22:20,840] multiqc                                            [DEBUG  ]  No samples found: qualimap
[2021-03-12 00:22:21,009] multiqc                                            [DEBUG  ]  No samples found: preseq
[2021-03-12 00:22:21,247] multiqc                                            [DEBUG  ]  No samples found: quast
[2021-03-12 00:22:21,449] multiqc                                            [DEBUG  ]  No samples found: qorts
[2021-03-12 00:22:21,751] multiqc                                            [DEBUG  ]  No samples found: rna_seqc
[2021-03-12 00:22:22,128] multiqc                                            [DEBUG  ]  No samples found: rsem
[2021-03-12 00:22:23,076] multiqc                                            [DEBUG  ]  No samples found: rseqc
[2021-03-12 00:22:23,214] multiqc                                            [DEBUG  ]  No samples found: busco
[2021-03-12 00:22:23,307] multiqc                                            [DEBUG  ]  No samples found: goleft_indexcov
[2021-03-12 00:22:23,455] multiqc                                            [DEBUG  ]  No samples found: disambiguate
[2021-03-12 00:22:23,502] multiqc                                            [DEBUG  ]  No samples found: supernova
[2021-03-12 00:22:23,915] multiqc                                            [DEBUG  ]  No samples found: deeptools
[2021-03-12 00:22:24,036] multiqc                                            [DEBUG  ]  No samples found: sargasso
[2021-03-12 00:22:24,216] multiqc                                            [DEBUG  ]  No samples found: verifybamid
[2021-03-12 00:22:24,490] multiqc                                            [DEBUG  ]  No samples found: homer
[2021-03-12 00:22:24,714] multiqc                                            [DEBUG  ]  No samples found: macs2
[2021-03-12 00:22:24,827] multiqc                                            [DEBUG  ]  No samples found: theta2
[2021-03-12 00:22:25,039] multiqc                                            [DEBUG  ]  No samples found: snpeff
[2021-03-12 00:22:25,305] multiqc                                            [DEBUG  ]  No samples found: gatk
[2021-03-12 00:22:25,373] multiqc                                            [DEBUG  ]  No samples found: htseq
[2021-03-12 00:22:25,511] multiqc                                            [DEBUG  ]  No samples found: bcftools
[2021-03-12 00:22:25,608] multiqc                                            [DEBUG  ]  No samples found: featureCounts
[2021-03-12 00:22:25,737] multiqc                                            [DEBUG  ]  No samples found: dedup
[2021-03-12 00:22:26,644] multiqc                                            [DEBUG  ]  No samples found: picard
[2021-03-12 00:22:26,824] multiqc                                            [DEBUG  ]  No samples found: prokka
[2021-03-12 00:22:26,942] multiqc                                            [DEBUG  ]  No samples found: samblaster
[2021-03-12 00:22:27,390] multiqc                                            [DEBUG  ]  No samples found: samtools
[2021-03-12 00:22:27,483] multiqc                                            [DEBUG  ]  No samples found: bamtools
[2021-03-12 00:22:27,522] multiqc                                            [DEBUG  ]  No samples found: jellyfish
[2021-03-12 00:22:28,036] multiqc                                            [DEBUG  ]  No samples found: vcftools
[2021-03-12 00:22:28,931] multiqc                                            [DEBUG  ]  No samples found: bbmap
[2021-03-12 00:22:29,052] multiqc                                            [DEBUG  ]  No samples found: bismark
[2021-03-12 00:22:29,182] multiqc                                            [DEBUG  ]  No samples found: hicexplorer
[2021-03-12 00:22:29,221] multiqc                                            [DEBUG  ]  No samples found: hicup
[2021-03-12 00:22:29,295] multiqc                                            [DEBUG  ]  No samples found: salmon
[2021-03-12 00:22:29,444] multiqc                                            [DEBUG  ]  No samples found: kallisto
[2021-03-12 00:22:29,542] multiqc                                            [DEBUG  ]  No samples found: slamdunk
[2021-03-12 00:22:29,669] multiqc                                            [DEBUG  ]  No samples found: star
[2021-03-12 00:22:29,733] multiqc                                            [DEBUG  ]  No samples found: hisat2
[2021-03-12 00:22:29,787] multiqc                                            [DEBUG  ]  No samples found: tophat
[2021-03-12 00:22:29,938] multiqc                                            [DEBUG  ]  No samples found: bowtie2
[2021-03-12 00:22:30,088] multiqc                                            [DEBUG  ]  No samples found: bowtie1
[2021-03-12 00:22:30,186] multiqc                                            [DEBUG  ]  No samples found: leehom
[2021-03-12 00:22:30,354] multiqc                                            [DEBUG  ]  No samples found: adapterRemoval
[2021-03-12 00:22:30,418] multiqc                                            [DEBUG  ]  No samples found: clipandmerge
[2021-03-12 00:22:30,560] multiqc                                            [DEBUG  ]  No samples found: cutadapt
[2021-03-12 00:22:30,632] multiqc                                            [DEBUG  ]  No samples found: flexbar
[2021-03-12 00:22:30,776] multiqc                                            [DEBUG  ]  No samples found: trimmomatic
[2021-03-12 00:22:30,915] multiqc                                            [DEBUG  ]  No samples found: skewer
[2021-03-12 00:22:31,090] multiqc                                            [DEBUG  ]  No samples found: sortmerna
[2021-03-12 00:22:31,139] multiqc                                            [DEBUG  ]  No samples found: biobloomtools
[2021-03-12 00:22:31,215] multiqc                                            [DEBUG  ]  No samples found: fastq_screen
[2021-03-12 00:22:31,288] multiqc                                            [DEBUG  ]  No samples found: afterqc
[2021-03-12 00:22:33,120] multiqc.modules.fastqc.fastqc                      [INFO   ]  Found 8 reports
[2021-03-12 00:22:33,806] multiqc                                            [DEBUG  ]  No samples found: clusterflow
[2021-03-12 00:22:33,867] multiqc                                            [DEBUG  ]  No samples found: bcl2fastq
[2021-03-12 00:22:33,966] multiqc                                            [DEBUG  ]  No samples found: interop
[2021-03-12 00:22:33,996] multiqc                                            [INFO   ]  Compressing plot data
[2021-03-12 00:22:34,598] multiqc                                            [INFO   ]  Report      : multiqc_report.html
[2021-03-12 00:22:34,598] multiqc                                            [INFO   ]  Data        : multiqc_data
[2021-03-12 00:22:34,599] multiqc                                            [DEBUG  ]  Moving data file from '/local/bgfs/tmpQngLTh/multiqc_data/multiqc_fastqc.txt' to '/lustre/project/fsepru/PBMC5/FQC/A/multiqc_data'
[2021-03-12 00:22:34,603] multiqc                                            [DEBUG  ]  Moving data file from '/local/bgfs/tmpQngLTh/multiqc_data/multiqc_general_stats.txt' to '/lustre/project/fsepru/PBMC5/FQC/A/multiqc_data'
[2021-03-12 00:22:34,619] multiqc                                            [DEBUG  ]  Moving data file from '/local/bgfs/tmpQngLTh/multiqc_data/multiqc_sources.txt' to '/lustre/project/fsepru/PBMC5/FQC/A/multiqc_data'
[2021-03-12 00:22:34,629] multiqc                                            [DEBUG  ]  Moving data file from '/local/bgfs/tmpQngLTh/multiqc_data/multiqc_data.json' to '/lustre/project/fsepru/PBMC5/FQC/A/multiqc_data'
[2021-03-12 00:22:37,548] multiqc                                            [INFO   ]  MultiQC complete
