[2019-09-29 14:05:35,047] multiqc                                            [DEBUG  ]  No MultiQC config found: /software/7/apps/python_2/2.7.13/lib/python2.7/site-packages/multiqc_config.yaml
[2019-09-29 14:05:35,047] multiqc                                            [DEBUG  ]  No MultiQC config found: /home/sathesh.sivasankaran/.multiqc_config.yaml
[2019-09-29 14:05:35,047] multiqc                                            [DEBUG  ]  No MultiQC config found: multiqc_config.yaml
[2019-09-29 14:05:35,047] multiqc                                            [DEBUG  ]  Command used: /software/7/apps/python_2/2.7.13/bin/multiqc .
[2019-09-29 14:05:36,065] multiqc                                            [WARNING]  MultiQC Version v1.7 now available!
[2019-09-29 14:05:36,065] multiqc                                            [INFO   ]  This is MultiQC v1.5
[2019-09-29 14:05:36,065] multiqc                                            [DEBUG  ]  Command     : /software/7/apps/python_2/2.7.13/bin/multiqc .
[2019-09-29 14:05:36,065] multiqc                                            [DEBUG  ]  Working dir : /project/fsepru/PIGscRNAseq/Pig-1-PBMC/P1PBMC
[2019-09-29 14:05:36,065] multiqc                                            [INFO   ]  Template    : default
[2019-09-29 14:05:36,065] multiqc                                            [INFO   ]  Searching '.'
[2019-09-29 14:05:36,066] multiqc                                            [DEBUG  ]  Analysing modules: custom_content, conpair, peddy, methylQA, qualimap, preseq, quast, qorts, rna_seqc, rsem, rseqc, busco, goleft_indexcov, disambiguate, supernova, deeptools, sargasso, verifybamid, homer, macs2, theta2, snpeff, gatk, htseq, bcftools, featureCounts, dedup, picard, prokka, samblaster, samtools, bamtools, jellyfish, vcftools, bbmap, bismark, hicexplorer, hicup, salmon, kallisto, slamdunk, star, hisat2, tophat, bowtie2, bowtie1, leehom, adapterRemoval, clipandmerge, cutadapt, flexbar, trimmomatic, skewer, sortmerna, biobloomtools, fastq_screen, afterqc, fastqc, clusterflow, bcl2fastq, interop
[2019-09-29 14:05:36,066] multiqc                                            [DEBUG  ]  Using temporary directory for creating report: /tmp/tmpQGQ22K
[2019-09-29 14:05:36,144] multiqc                                            [DEBUG  ]  Ignoring directory as matched fn_ignore_dirs: ./multiqc_data
[2019-09-29 14:05:36,148] multiqc                                            [DEBUG  ]  Ignoring file as matched an ignore pattern: Pig-1-PBMC-1_S51_L008_R2_001_fastqc.html
[2019-09-29 14:05:36,148] multiqc                                            [DEBUG  ]  Ignoring file as matched an ignore pattern: Pig-1-PBMC-4_S54_L008_R1_001_fastqc.html
[2019-09-29 14:05:36,149] multiqc                                            [DEBUG  ]  Ignoring file as matched an ignore pattern: Pig-1-PBMC-3_S53_L007_R1_001_fastqc.html
[2019-09-29 14:05:36,162] multiqc                                            [DEBUG  ]  Ignoring file as matched an ignore pattern: Pig-1-PBMC-2_S52_L007_R2_001_fastqc.html
[2019-09-29 14:05:36,162] multiqc                                            [DEBUG  ]  Ignoring file as matched an ignore pattern: Pig-1-PBMC-1_S42_L003_R1_001_fastqc.html
[2019-09-29 14:05:36,163] multiqc                                            [DEBUG  ]  Ignoring file as matched an ignore pattern: Pig-1-PBMC-2_S52_L005_R1_001_fastqc.html
[2019-09-29 14:05:36,164] multiqc                                            [DEBUG  ]  Ignoring file as matched an ignore pattern: Pig-1-PBMC-4_S54_L006_R2_001_fastqc.html
[2019-09-29 14:05:36,165] multiqc                                            [DEBUG  ]  Ignoring file as matched an ignore pattern: Pig-1-PBMC-1_S51_L006_R1_001_fastqc.html
[2019-09-29 14:05:36,165] multiqc                                            [DEBUG  ]  Ignoring file as matched an ignore pattern: Pig-1-PBMC-3_S53_L005_R2_001_fastqc.html
[2019-09-29 14:05:36,165] multiqc                                            [DEBUG  ]  Ignoring file as matched an ignore pattern: Pig-1-PBMC-2_S43_L003_R2_001_fastqc.html
[2019-09-29 14:05:36,167] multiqc                                            [DEBUG  ]  Ignoring file as matched an ignore pattern: Pig-1-PBMC-2_S43_L003_R1_001_fastqc.html
[2019-09-29 14:05:36,169] multiqc                                            [DEBUG  ]  Ignoring file as matched an ignore pattern: Pig-1-PBMC-3_S53_L005_R1_001_fastqc.html
[2019-09-29 14:05:36,171] multiqc                                            [DEBUG  ]  Ignoring file as matched an ignore pattern: Pig-1-PBMC-2_S52_L005_R2_001_fastqc.html
[2019-09-29 14:05:36,172] multiqc                                            [DEBUG  ]  Ignoring file as matched an ignore pattern: Pig-1-PBMC-1_S42_L003_R2_001_fastqc.html
[2019-09-29 14:05:36,173] multiqc                                            [DEBUG  ]  Ignoring file as matched an ignore pattern: Pig-1-PBMC-1_S51_L006_R2_001_fastqc.html
[2019-09-29 14:05:36,173] multiqc                                            [DEBUG  ]  Ignoring file as matched an ignore pattern: Pig-1-PBMC-4_S54_L006_R1_001_fastqc.html
[2019-09-29 14:05:36,176] multiqc                                            [DEBUG  ]  Ignoring file as matched an ignore pattern: Pig-1-PBMC-2_S52_L007_R1_001_fastqc.html
[2019-09-29 14:05:36,183] multiqc                                            [DEBUG  ]  Ignoring file as matched an ignore pattern: Pig-1-PBMC-3_S53_L007_R2_001_fastqc.html
[2019-09-29 14:05:36,184] multiqc                                            [DEBUG  ]  Ignoring file as matched an ignore pattern: Pig-1-PBMC-4_S54_L008_R2_001_fastqc.html
[2019-09-29 14:05:36,184] multiqc                                            [DEBUG  ]  Ignoring file as matched an ignore pattern: Pig-1-PBMC-1_S51_L008_R1_001_fastqc.html
[2019-09-29 14:05:36,187] multiqc                                            [DEBUG  ]  Ignoring file as matched an ignore pattern: Pig-1-PBMC-1_S51_L005_R1_001_fastqc.html
[2019-09-29 14:05:36,188] multiqc                                            [DEBUG  ]  Ignoring file as matched an ignore pattern: Pig-1-PBMC-4_S54_L005_R2_001_fastqc.html
[2019-09-29 14:05:36,189] multiqc                                            [DEBUG  ]  Ignoring file as matched an ignore pattern: Pig-1-PBMC-3_S44_L003_R2_001_fastqc.html
[2019-09-29 14:05:36,189] multiqc                                            [DEBUG  ]  Ignoring file as matched an ignore pattern: Pig-1-PBMC-2_S52_L006_R1_001_fastqc.html
[2019-09-29 14:05:36,191] multiqc                                            [DEBUG  ]  Ignoring file as matched an ignore pattern: Pig-1-PBMC-4_S45_L003_R1_001_fastqc.html
[2019-09-29 14:05:36,193] multiqc                                            [DEBUG  ]  Ignoring file as matched an ignore pattern: Pig-1-PBMC-3_S53_L006_R2_001_fastqc.html
[2019-09-29 14:05:36,193] multiqc                                            [DEBUG  ]  Ignoring file as matched an ignore pattern: Pig-1-PBMC-2_S52_L008_R2_001_fastqc.html
[2019-09-29 14:05:36,194] multiqc                                            [DEBUG  ]  Ignoring file as matched an ignore pattern: Pig-1-PBMC-1_S51_L007_R2_001_fastqc.html
[2019-09-29 14:05:36,197] multiqc                                            [DEBUG  ]  Ignoring file as matched an ignore pattern: Pig-1-PBMC-4_S54_L007_R1_001_fastqc.html
[2019-09-29 14:05:36,198] multiqc                                            [DEBUG  ]  Ignoring file as matched an ignore pattern: Pig-1-PBMC-3_S53_L008_R1_001_fastqc.html
[2019-09-29 14:05:36,201] multiqc                                            [DEBUG  ]  Ignoring file as matched an ignore pattern: Pig-1-PBMC-3_S53_L008_R2_001_fastqc.html
[2019-09-29 14:05:36,201] multiqc                                            [DEBUG  ]  Ignoring file as matched an ignore pattern: Pig-1-PBMC-4_S54_L007_R2_001_fastqc.html
[2019-09-29 14:05:36,201] multiqc                                            [DEBUG  ]  Ignoring file as matched an ignore pattern: Pig-1-PBMC-1_S51_L007_R1_001_fastqc.html
[2019-09-29 14:05:36,205] multiqc                                            [DEBUG  ]  Ignoring file as matched an ignore pattern: Pig-1-PBMC-2_S52_L008_R1_001_fastqc.html
[2019-09-29 14:05:36,211] multiqc                                            [DEBUG  ]  Ignoring file as matched an ignore pattern: multiqc_report.html
[2019-09-29 14:05:36,212] multiqc                                            [DEBUG  ]  Ignoring file as matched an ignore pattern: Pig-1-PBMC-4_S45_L003_R2_001_fastqc.html
[2019-09-29 14:05:36,215] multiqc                                            [DEBUG  ]  Ignoring file as matched an ignore pattern: Pig-1-PBMC-3_S53_L006_R1_001_fastqc.html
[2019-09-29 14:05:36,215] multiqc                                            [DEBUG  ]  Ignoring file as matched an ignore pattern: Pig-1-PBMC-4_S54_L005_R1_001_fastqc.html
[2019-09-29 14:05:36,216] multiqc                                            [DEBUG  ]  Ignoring file as matched an ignore pattern: Pig-1-PBMC-1_S51_L005_R2_001_fastqc.html
[2019-09-29 14:05:36,217] multiqc                                            [DEBUG  ]  Ignoring file as matched an ignore pattern: Pig-1-PBMC-2_S52_L006_R2_001_fastqc.html
[2019-09-29 14:05:36,220] multiqc                                            [DEBUG  ]  Ignoring file as matched an ignore pattern: Pig-1-PBMC-3_S44_L003_R1_001_fastqc.html
[2019-09-29 14:05:36,449] multiqc                                            [DEBUG  ]  No samples found: custom_content
[2019-09-29 14:05:36,454] multiqc                                            [DEBUG  ]  No samples found: conpair
[2019-09-29 14:05:36,459] multiqc                                            [DEBUG  ]  No samples found: peddy
[2019-09-29 14:05:36,464] multiqc                                            [DEBUG  ]  No samples found: methylQA
[2019-09-29 14:05:36,469] multiqc                                            [DEBUG  ]  No samples found: qualimap
[2019-09-29 14:05:36,474] multiqc                                            [DEBUG  ]  No samples found: preseq
[2019-09-29 14:05:36,478] multiqc                                            [DEBUG  ]  No samples found: quast
[2019-09-29 14:05:36,483] multiqc                                            [DEBUG  ]  No samples found: qorts
[2019-09-29 14:05:36,488] multiqc                                            [DEBUG  ]  No samples found: rna_seqc
[2019-09-29 14:05:36,493] multiqc                                            [DEBUG  ]  No samples found: rsem
[2019-09-29 14:05:36,499] multiqc                                            [DEBUG  ]  No samples found: rseqc
[2019-09-29 14:05:36,504] multiqc                                            [DEBUG  ]  No samples found: busco
[2019-09-29 14:05:36,508] multiqc                                            [DEBUG  ]  No samples found: goleft_indexcov
[2019-09-29 14:05:36,513] multiqc                                            [DEBUG  ]  No samples found: disambiguate
[2019-09-29 14:05:36,518] multiqc                                            [DEBUG  ]  No samples found: supernova
[2019-09-29 14:05:36,524] multiqc                                            [DEBUG  ]  No samples found: deeptools
[2019-09-29 14:05:36,528] multiqc                                            [DEBUG  ]  No samples found: sargasso
[2019-09-29 14:05:36,533] multiqc                                            [DEBUG  ]  No samples found: verifybamid
[2019-09-29 14:05:36,539] multiqc                                            [DEBUG  ]  No samples found: homer
[2019-09-29 14:05:36,544] multiqc                                            [DEBUG  ]  No samples found: macs2
[2019-09-29 14:05:36,549] multiqc                                            [DEBUG  ]  No samples found: theta2
[2019-09-29 14:05:36,553] multiqc                                            [DEBUG  ]  No samples found: snpeff
[2019-09-29 14:05:36,559] multiqc                                            [DEBUG  ]  No samples found: gatk
[2019-09-29 14:05:36,564] multiqc                                            [DEBUG  ]  No samples found: htseq
[2019-09-29 14:05:36,569] multiqc                                            [DEBUG  ]  No samples found: bcftools
[2019-09-29 14:05:36,574] multiqc                                            [DEBUG  ]  No samples found: featureCounts
[2019-09-29 14:05:36,578] multiqc                                            [DEBUG  ]  No samples found: dedup
[2019-09-29 14:05:36,585] multiqc                                            [DEBUG  ]  No samples found: picard
[2019-09-29 14:05:36,590] multiqc                                            [DEBUG  ]  No samples found: prokka
[2019-09-29 14:05:36,595] multiqc                                            [DEBUG  ]  No samples found: samblaster
[2019-09-29 14:05:36,600] multiqc                                            [DEBUG  ]  No samples found: samtools
[2019-09-29 14:05:36,605] multiqc                                            [DEBUG  ]  No samples found: bamtools
[2019-09-29 14:05:36,609] multiqc                                            [DEBUG  ]  No samples found: jellyfish
[2019-09-29 14:05:36,615] multiqc                                            [DEBUG  ]  No samples found: vcftools
[2019-09-29 14:05:36,622] multiqc                                            [DEBUG  ]  No samples found: bbmap
[2019-09-29 14:05:36,627] multiqc                                            [DEBUG  ]  No samples found: bismark
[2019-09-29 14:05:36,631] multiqc                                            [DEBUG  ]  No samples found: hicexplorer
[2019-09-29 14:05:36,636] multiqc                                            [DEBUG  ]  No samples found: hicup
[2019-09-29 14:05:36,641] multiqc                                            [DEBUG  ]  No samples found: salmon
[2019-09-29 14:05:36,645] multiqc                                            [DEBUG  ]  No samples found: kallisto
[2019-09-29 14:05:36,650] multiqc                                            [DEBUG  ]  No samples found: slamdunk
[2019-09-29 14:05:36,655] multiqc                                            [DEBUG  ]  No samples found: star
[2019-09-29 14:05:36,660] multiqc                                            [DEBUG  ]  No samples found: hisat2
[2019-09-29 14:05:36,664] multiqc                                            [DEBUG  ]  No samples found: tophat
[2019-09-29 14:05:36,669] multiqc                                            [DEBUG  ]  No samples found: bowtie2
[2019-09-29 14:05:36,674] multiqc                                            [DEBUG  ]  No samples found: bowtie1
[2019-09-29 14:05:36,678] multiqc                                            [DEBUG  ]  No samples found: leehom
[2019-09-29 14:05:36,683] multiqc                                            [DEBUG  ]  No samples found: adapterRemoval
[2019-09-29 14:05:36,688] multiqc                                            [DEBUG  ]  No samples found: clipandmerge
[2019-09-29 14:05:36,692] multiqc                                            [DEBUG  ]  No samples found: cutadapt
[2019-09-29 14:05:36,697] multiqc                                            [DEBUG  ]  No samples found: flexbar
[2019-09-29 14:05:36,702] multiqc                                            [DEBUG  ]  No samples found: trimmomatic
[2019-09-29 14:05:36,706] multiqc                                            [DEBUG  ]  No samples found: skewer
[2019-09-29 14:05:36,711] multiqc                                            [DEBUG  ]  No samples found: sortmerna
[2019-09-29 14:05:36,716] multiqc                                            [DEBUG  ]  No samples found: biobloomtools
[2019-09-29 14:05:36,720] multiqc                                            [DEBUG  ]  No samples found: fastq_screen
[2019-09-29 14:05:36,725] multiqc                                            [DEBUG  ]  No samples found: afterqc
[2019-09-29 14:05:42,167] multiqc.modules.fastqc.fastqc                      [INFO   ]  Found 40 reports
[2019-09-29 14:05:43,951] multiqc                                            [DEBUG  ]  No samples found: clusterflow
[2019-09-29 14:05:43,956] multiqc                                            [DEBUG  ]  No samples found: bcl2fastq
[2019-09-29 14:05:43,960] multiqc                                            [DEBUG  ]  No samples found: interop
[2019-09-29 14:05:44,029] multiqc                                            [INFO   ]  Compressing plot data
[2019-09-29 14:05:46,806] multiqc                                            [WARNING]  Previous MultiQC output found! Adjusting filenames..
[2019-09-29 14:05:46,807] multiqc                                            [WARNING]  Use -f or --force to overwrite existing reports instead
[2019-09-29 14:05:46,807] multiqc                                            [INFO   ]  Report      : multiqc_report_1.html
[2019-09-29 14:05:46,807] multiqc                                            [INFO   ]  Data        : multiqc_data_1
[2019-09-29 14:05:46,808] multiqc                                            [DEBUG  ]  Moving data file from '/tmp/tmpQGQ22K/multiqc_data/multiqc_fastqc.txt' to '/project/fsepru/PIGscRNAseq/Pig-1-PBMC/P1PBMC/multiqc_data_1'
[2019-09-29 14:05:46,811] multiqc                                            [DEBUG  ]  Moving data file from '/tmp/tmpQGQ22K/multiqc_data/multiqc_general_stats.txt' to '/project/fsepru/PIGscRNAseq/Pig-1-PBMC/P1PBMC/multiqc_data_1'
[2019-09-29 14:05:46,814] multiqc                                            [DEBUG  ]  Moving data file from '/tmp/tmpQGQ22K/multiqc_data/multiqc_sources.txt' to '/project/fsepru/PIGscRNAseq/Pig-1-PBMC/P1PBMC/multiqc_data_1'
[2019-09-29 14:05:46,816] multiqc                                            [DEBUG  ]  Moving data file from '/tmp/tmpQGQ22K/multiqc_data/multiqc_data.json' to '/project/fsepru/PIGscRNAseq/Pig-1-PBMC/P1PBMC/multiqc_data_1'
[2019-09-29 14:05:46,995] multiqc                                            [INFO   ]  MultiQC complete
